<?xml version="1.0" encoding="utf-8"?><testsuites name="pytest tests"><testsuite name="pytest" errors="0" failures="1" skipped="0" tests="19" time="6.600" timestamp="2026-07-14T09:59:02.891215+00:00" hostname="agent-env-dde42295-621f-471c-a6d6-714a91fe6ebe"><testcase classname="backend.tests.backend_test.TestAuth" name="test_login_admin_success" time="0.464" /><testcase classname="backend.tests.backend_test.TestAuth" name="test_login_wrong_password" time="0.386" /><testcase classname="backend.tests.backend_test.TestAuth" name="test_auth_me" time="0.531" /><testcase classname="backend.tests.backend_test.TestAuth" name="test_register_as_employee_forbidden" time="0.503" /><testcase classname="backend.tests.backend_test.TestAuth" name="test_register_as_admin_creates_manager" time="0.399" /><testcase classname="backend.tests.backend_test.TestCatalogs" name="test_list_catalogs_returns_seeded" time="0.138" /><testcase classname="backend.tests.backend_test.TestCatalogs" name="test_employee_get_catalogs_ok" time="0.131" /><testcase classname="backend.tests.backend_test.TestCatalogs" name="test_employee_create_catalog_forbidden" time="0.130" /><testcase classname="backend.tests.backend_test.TestDesigns" name="test_list_designs_no_embedding" time="0.297" /><testcase classname="backend.tests.backend_test.TestSearch" name="test_similar_returns_top20_with_high_top1" time="0.504"><failure message="assert 0.8389875888824463 &gt;= 0.9">backend/tests/backend_test.py:170: in test_similar_returns_top20_with_high_top1
    assert results[0]["similarity"] &gt;= 0.9
E   assert 0.8389875888824463 &gt;= 0.9</failure></testcase><testcase classname="backend.tests.backend_test.TestSearch" name="test_text_search_exact_design_number" time="0.131" /><testcase classname="backend.tests.backend_test.TestSearch" name="test_text_search_pattern_stripe" time="0.133" /><testcase classname="backend.tests.backend_test.TestSearch" name="test_related_designs" time="0.324" /><testcase classname="backend.tests.backend_test.TestFavorites" name="test_favorite_cycle" time="0.584" /><testcase classname="backend.tests.backend_test.TestCRUDCycle" name="test_create_catalog_design_update_delete" time="1.238" /><testcase classname="backend.tests.backend_test.TestAdmin" name="test_stats_admin" time="0.133" /><testcase classname="backend.tests.backend_test.TestAdmin" name="test_stats_employee_forbidden" time="0.130" /><testcase classname="backend.tests.backend_test.TestAdmin" name="test_duplicates_list" time="0.132" /><testcase classname="backend.tests.backend_test.TestAdmin" name="test_regenerate_embeddings" time="0.200" /></testsuite></testsuites>